JVMSHRC287E Persistent cache cannot be located on a networked file system. Either select "nonpersistent" or a different cacheDir.
JVMSHRC686I Failed to startup shared class cache. Continue without using it as -Xshareclasses:nonfatal is specified
Launching defaultServer (WebSphere Application Server 18.0.0.1/wlp-1.0.20.cl180120180309-2209) on IBM J9 VM, version 8.0.5.6 - pxa6480sr5fp6-20171124_02(SR5 FP6) (en_US)
[AUDIT   ] CWWKE0001I: The server defaultServer has been launched.
[AUDIT   ] CWWKE0100I: This product is licensed for development, and limited production use. The full license terms can be viewed here: https://public.dhe.ibm.com/ibmdl/export/pub/software/websphere/wasdev/license/base_ilan/ilan/18.0.0.1/lafiles/en.html
[AUDIT   ] CWWKG0093A: Processing configuration drop-ins resource: /root/app/mc-target/liberty/wlp/usr/servers/defaultServer/configDropins/defaults/install_apps_configuration_1491924271.xml
[AUDIT   ] CWWKZ0058I: Monitoring dropins for applications.
[AUDIT   ] CWWKS4104A: LTPA keys created in 1.192 seconds. LTPA key file: /root/app/mc-target/liberty/wlp/usr/servers/defaultServer/resources/security/ltpa.keys
[AUDIT   ] CWWKT0016I: Web application available (default_host): http://mc-stockquote-e45325dbb25e170125e49a4dd3491ab41e22d04-idc-zt2tm:9080/metrics/
[AUDIT   ] CWWKT0016I: Web application available (default_host): http://mc-stockquote-e45325dbb25e170125e49a4dd3491ab41e22d04-idc-zt2tm:9080/ibm/api/
[AUDIT   ] CWWKT0016I: Web application available (default_host): http://mc-stockquote-e45325dbb25e170125e49a4dd3491ab41e22d04-idc-zt2tm:9080/health/
[AUDIT   ] CWWKT0016I: Web application available (default_host): http://mc-stockquote-e45325dbb25e170125e49a4dd3491ab41e22d04-idc-zt2tm:9080/jwt/
[AUDIT   ] CWWKT0016I: Web application available (default_host): http://mc-stockquote-e45325dbb25e170125e49a4dd3491ab41e22d04-idc-zt2tm:9080/javametrics-dash/
[AUDIT   ] CWWKZ0001I: Application javametrics-dash started in 2.110 seconds.
[AUDIT   ] CWWKT0016I: Web application available (default_host): http://mc-stockquote-e45325dbb25e170125e49a4dd3491ab41e22d04-idc-zt2tm:9080/javametrics/
[AUDIT   ] CWWKZ0001I: Application javametrics-rest started in 2.098 seconds.
[AUDIT   ] CWWKT0016I: Web application available (default_host): http://mc-stockquote-e45325dbb25e170125e49a4dd3491ab41e22d04-idc-zt2tm:9080/stockquote/
[AUDIT   ] CWWKZ0001I: Application stockquote started in 2.261 seconds.
[AUDIT   ] CWWKF0012I: The server installed the following features: [microProfile-1.2, jsp-2.3, managedBeans-1.0, mpFaultTolerance-1.0, servlet-3.1, ssl-1.0, jndi-1.0, mpHealth-1.0, appSecurity-2.0, jsonp-1.0, mpConfig-1.1, jaxrs-2.0, el-3.0, jaxrsClient-2.0, concurrent-1.0, jwt-1.0, mpMetrics-1.0, mpJwt-1.0, json-1.0, cdi-1.2, distributedMap-1.0, websocket-1.1].
[AUDIT   ] CWWKF0011I: The server defaultServer is ready to run a smarter planet.
[AUDIT   ] CWPKI0817A: The default SSL configuration expects a <keyStore> element with an id value of defaultKeyStore, and a password. The defaultKeyStore <keyStore> element is missing, or the password is not specified. If SSL is not required, this message can be ignored. If SSL is required, either define the missing element: <keyStore id="defaultKeyStore" password="yourpassword" />, or change the default SSL configuration to use an existing keystore. See the following example: <ssl id="defaultSSLConfig" keyStoreRef="newKeyStore" />.
Connecting to Redis using URL: null
[err] java.lang.NullPointerException
[err] 	at java.net.URI$Parser.parse(URI.java:3053)
[err] 	at java.net.URI.<init>(URI.java:599)
[err] 	at com.ibm.hybrid.cloud.sample.portfolio.StockQuote.getStockQuote(StockQuote.java:140)
[err] 	at sun.reflect.NativeMethodAccessorImpl.invoke0(Native Method)
[err] 	at sun.reflect.NativeMethodAccessorImpl.invoke(NativeMethodAccessorImpl.java:90)
[err] 	at sun.reflect.DelegatingMethodAccessorImpl.invoke(DelegatingMethodAccessorImpl.java:55)
[err] 	at java.lang.reflect.Method.invoke(Method.java:508)
[err] 	at com.ibm.ws.jaxrs20.server.LibertyJaxRsServerFactoryBean.performInvocation(LibertyJaxRsServerFactoryBean.java:646)
[err] 	at [internal classes]
[err] 	at javax.servlet.http.HttpServlet.service(HttpServlet.java:687)
[err] 	at com.ibm.websphere.jaxrs.server.IBMRestServlet.service(IBMRestServlet.java:96)
[err] 	at [internal classes]
[err] 	at java.util.concurrent.ThreadPoolExecutor.runWorker(ThreadPoolExecutor.java:1160)
[err] 	at java.util.concurrent.ThreadPoolExecutor$Worker.run(ThreadPoolExecutor.java:635)
[err] 	at java.lang.Thread.run(Thread.java:811)
Connecting to Redis using URL: null
[err] java.lang.NullPointerException
[err] 	at java.net.URI$Parser.parse(URI.java:3053)
[err] 	at java.net.URI.<init>(URI.java:599)
[err] 	at com.ibm.hybrid.cloud.sample.portfolio.StockQuote.getStockQuote(StockQuote.java:140)
[err] 	at sun.reflect.NativeMethodAccessorImpl.invoke0(Native Method)
[err] 	at sun.reflect.NativeMethodAccessorImpl.invoke(NativeMethodAccessorImpl.java:90)
[err] 	at sun.reflect.DelegatingMethodAccessorImpl.invoke(DelegatingMethodAccessorImpl.java:55)
[err] 	at java.lang.reflect.Method.invoke(Method.java:508)
[err] 	at com.ibm.ws.jaxrs20.server.LibertyJaxRsServerFactoryBean.performInvocation(LibertyJaxRsServerFactoryBean.java:646)
[err] 	at [internal classes]
[err] 	at javax.servlet.http.HttpServlet.service(HttpServlet.java:687)
[err] 	at com.ibm.websphere.jaxrs.server.IBMRestServlet.service(IBMRestServlet.java:96)
[err] 	at [internal classes]
[err] 	at java.util.concurrent.ThreadPoolExecutor.runWorker(ThreadPoolExecutor.java:1160)
[err] 	at java.util.concurrent.ThreadPoolExecutor$Worker.run(ThreadPoolExecutor.java:635)
[err] 	at java.lang.Thread.run(Thread.java:811)
Connecting to Redis using URL: null
[err] java.lang.NullPointerException
[err] 	at java.net.URI$Parser.parse(URI.java:3053)
[err] 	at java.net.URI.<init>(URI.java:599)
[err] 	at com.ibm.hybrid.cloud.sample.portfolio.StockQuote.getStockQuote(StockQuote.java:140)
[err] 	at sun.reflect.NativeMethodAccessorImpl.invoke0(Native Method)
[err] 	at sun.reflect.NativeMethodAccessorImpl.invoke(NativeMethodAccessorImpl.java:90)
[err] 	at sun.reflect.DelegatingMethodAccessorImpl.invoke(DelegatingMethodAccessorImpl.java:55)
[err] 	at java.lang.reflect.Method.invoke(Method.java:508)
[err] 	at com.ibm.ws.jaxrs20.server.LibertyJaxRsServerFactoryBean.performInvocation(LibertyJaxRsServerFactoryBean.java:646)
[err] 	at [internal classes]
[err] 	at javax.servlet.http.HttpServlet.service(HttpServlet.java:687)
[err] 	at com.ibm.websphere.jaxrs.server.IBMRestServlet.service(IBMRestServlet.java:96)
[err] 	at [internal classes]
[err] 	at java.util.concurrent.ThreadPoolExecutor.runWorker(ThreadPoolExecutor.java:1160)
[err] 	at java.util.concurrent.ThreadPoolExecutor$Worker.run(ThreadPoolExecutor.java:635)
[err] 	at java.lang.Thread.run(Thread.java:811)
Connecting to Redis using URL: null
[err] java.lang.NullPointerException
[err] 	at java.net.URI$Parser.parse(URI.java:3053)
[err] 	at java.net.URI.<init>(URI.java:599)
[err] 	at com.ibm.hybrid.cloud.sample.portfolio.StockQuote.getStockQuote(StockQuote.java:140)
[err] 	at sun.reflect.NativeMethodAccessorImpl.invoke0(Native Method)
[err] 	at sun.reflect.NativeMethodAccessorImpl.invoke(NativeMethodAccessorImpl.java:90)
[err] 	at sun.reflect.DelegatingMethodAccessorImpl.invoke(DelegatingMethodAccessorImpl.java:55)
[err] 	at java.lang.reflect.Method.invoke(Method.java:508)
[err] 	at com.ibm.ws.jaxrs20.server.LibertyJaxRsServerFactoryBean.performInvocation(LibertyJaxRsServerFactoryBean.java:646)
[err] 	at [internal classes]
[err] 	at javax.servlet.http.HttpServlet.service(HttpServlet.java:687)
[err] 	at com.ibm.websphere.jaxrs.server.IBMRestServlet.service(IBMRestServlet.java:96)
[err] 	at [internal classes]
[err] 	at java.util.concurrent.ThreadPoolExecutor.runWorker(ThreadPoolExecutor.java:1160)
[err] 	at java.util.concurrent.ThreadPoolExecutor$Worker.run(ThreadPoolExecutor.java:635)
[err] 	at java.lang.Thread.run(Thread.java:811)
Connecting to Redis using URL: null
[err] java.lang.NullPointerException
[err] 	at java.net.URI$Parser.parse(URI.java:3053)
[err] 	at java.net.URI.<init>(URI.java:599)
[err] 	at com.ibm.hybrid.cloud.sample.portfolio.StockQuote.getStockQuote(StockQuote.java:140)
[err] 	at sun.reflect.NativeMethodAccessorImpl.invoke0(Native Method)
[err] 	at sun.reflect.NativeMethodAccessorImpl.invoke(NativeMethodAccessorImpl.java:90)
[err] 	at sun.reflect.DelegatingMethodAccessorImpl.invoke(DelegatingMethodAccessorImpl.java:55)
[err] 	at java.lang.reflect.Method.invoke(Method.java:508)
[err] 	at com.ibm.ws.jaxrs20.server.LibertyJaxRsServerFactoryBean.performInvocation(LibertyJaxRsServerFactoryBean.java:646)
[err] 	at [internal classes]
[err] 	at javax.servlet.http.HttpServlet.service(HttpServlet.java:687)
[err] 	at com.ibm.websphere.jaxrs.server.IBMRestServlet.service(IBMRestServlet.java:96)
[err] 	at [internal classes]
[err] 	at java.util.concurrent.ThreadPoolExecutor.runWorker(ThreadPoolExecutor.java:1160)
[err] 	at java.util.concurrent.ThreadPoolExecutor$Worker.run(ThreadPoolExecutor.java:635)
[err] 	at java.lang.Thread.run(Thread.java:811)
Connecting to Redis using URL: null
[err] java.lang.NullPointerException
[err] 	at java.net.URI$Parser.parse(URI.java:3053)
[err] 	at java.net.URI.<init>(URI.java:599)
[err] 	at com.ibm.hybrid.cloud.sample.portfolio.StockQuote.getStockQuote(StockQuote.java:140)
[err] 	at sun.reflect.NativeMethodAccessorImpl.invoke0(Native Method)
[err] 	at sun.reflect.NativeMethodAccessorImpl.invoke(NativeMethodAccessorImpl.java:90)
[err] 	at sun.reflect.DelegatingMethodAccessorImpl.invoke(DelegatingMethodAccessorImpl.java:55)
[err] 	at java.lang.reflect.Method.invoke(Method.java:508)
[err] 	at com.ibm.ws.jaxrs20.server.LibertyJaxRsServerFactoryBean.performInvocation(LibertyJaxRsServerFactoryBean.java:646)
[err] 	at [internal classes]
[err] 	at javax.servlet.http.HttpServlet.service(HttpServlet.java:687)
[err] 	at com.ibm.websphere.jaxrs.server.IBMRestServlet.service(IBMRestServlet.java:96)
[err] 	at [internal classes]
[err] 	at java.util.concurrent.ThreadPoolExecutor.runWorker(ThreadPoolExecutor.java:1160)
[err] 	at java.util.concurrent.ThreadPoolExecutor$Worker.run(ThreadPoolExecutor.java:635)
[err] 	at java.lang.Thread.run(Thread.java:811)
Connecting to Redis using URL: null
[err] java.lang.NullPointerException
[err] 	at java.net.URI$Parser.parse(URI.java:3053)
[err] 	at java.net.URI.<init>(URI.java:599)
[err] 	at com.ibm.hybrid.cloud.sample.portfolio.StockQuote.getStockQuote(StockQuote.java:140)
[err] 	at sun.reflect.NativeMethodAccessorImpl.invoke0(Native Method)
[err] 	at sun.reflect.NativeMethodAccessorImpl.invoke(NativeMethodAccessorImpl.java:90)
[err] 	at sun.reflect.DelegatingMethodAccessorImpl.invoke(DelegatingMethodAccessorImpl.java:55)
[err] 	at java.lang.reflect.Method.invoke(Method.java:508)
[err] 	at com.ibm.ws.jaxrs20.server.LibertyJaxRsServerFactoryBean.performInvocation(LibertyJaxRsServerFactoryBean.java:646)
[err] 	at [internal classes]
[err] 	at javax.servlet.http.HttpServlet.service(HttpServlet.java:687)
[err] 	at com.ibm.websphere.jaxrs.server.IBMRestServlet.service(IBMRestServlet.java:96)
[err] 	at [internal classes]
[err] 	at java.util.concurrent.ThreadPoolExecutor.runWorker(ThreadPoolExecutor.java:1160)
[err] 	at java.util.concurrent.ThreadPoolExecutor$Worker.run(ThreadPoolExecutor.java:635)
[err] 	at java.lang.Thread.run(Thread.java:811)
Connecting to Redis using URL: null
[err] java.lang.NullPointerException
[err] 	at java.net.URI$Parser.parse(URI.java:3053)
[err] 	at java.net.URI.<init>(URI.java:599)
[err] 	at com.ibm.hybrid.cloud.sample.portfolio.StockQuote.getStockQuote(StockQuote.java:140)
[err] 	at sun.reflect.NativeMethodAccessorImpl.invoke0(Native Method)
[err] 	at sun.reflect.NativeMethodAccessorImpl.invoke(NativeMethodAccessorImpl.java:90)
[err] 	at sun.reflect.DelegatingMethodAccessorImpl.invoke(DelegatingMethodAccessorImpl.java:55)
[err] 	at java.lang.reflect.Method.invoke(Method.java:508)
[err] 	at com.ibm.ws.jaxrs20.server.LibertyJaxRsServerFactoryBean.performInvocation(LibertyJaxRsServerFactoryBean.java:646)
[err] 	at [internal classes]
[err] 	at javax.servlet.http.HttpServlet.service(HttpServlet.java:687)
[err] 	at com.ibm.websphere.jaxrs.server.IBMRestServlet.service(IBMRestServlet.java:96)
[err] 	at [internal classes]
[err] 	at java.util.concurrent.ThreadPoolExecutor.runWorker(ThreadPoolExecutor.java:1160)
[err] 	at java.util.concurrent.ThreadPoolExecutor$Worker.run(ThreadPoolExecutor.java:635)
[err] 	at java.lang.Thread.run(Thread.java:811)
Connecting to Redis using URL: null
[err] java.lang.NullPointerException
[err] 	at java.net.URI$Parser.parse(URI.java:3053)
[err] 	at java.net.URI.<init>(URI.java:599)
[err] 	at com.ibm.hybrid.cloud.sample.portfolio.StockQuote.getStockQuote(StockQuote.java:140)
[err] 	at sun.reflect.NativeMethodAccessorImpl.invoke0(Native Method)
[err] 	at sun.reflect.NativeMethodAccessorImpl.invoke(NativeMethodAccessorImpl.java:90)
[err] 	at sun.reflect.DelegatingMethodAccessorImpl.invoke(DelegatingMethodAccessorImpl.java:55)
[err] 	at java.lang.reflect.Method.invoke(Method.java:508)
[err] 	at com.ibm.ws.jaxrs20.server.LibertyJaxRsServerFactoryBean.performInvocation(LibertyJaxRsServerFactoryBean.java:646)
[err] 	at [internal classes]
[err] 	at javax.servlet.http.HttpServlet.service(HttpServlet.java:687)
[err] 	at com.ibm.websphere.jaxrs.server.IBMRestServlet.service(IBMRestServlet.java:96)
[err] 	at [internal classes]
[err] 	at java.util.concurrent.ThreadPoolExecutor.runWorker(ThreadPoolExecutor.java:1160)
[err] 	at java.util.concurrent.ThreadPoolExecutor$Worker.run(ThreadPoolExecutor.java:635)
[err] 	at java.lang.Thread.run(Thread.java:811)
Connecting to Redis using URL: null
[err] java.lang.NullPointerException
[err] 	at java.net.URI$Parser.parse(URI.java:3053)
[err] 	at java.net.URI.<init>(URI.java:599)
[err] 	at com.ibm.hybrid.cloud.sample.portfolio.StockQuote.getStockQuote(StockQuote.java:140)
[err] 	at sun.reflect.NativeMethodAccessorImpl.invoke0(Native Method)
[err] 	at sun.reflect.NativeMethodAccessorImpl.invoke(NativeMethodAccessorImpl.java:90)
[err] 	at sun.reflect.DelegatingMethodAccessorImpl.invoke(DelegatingMethodAccessorImpl.java:55)
[err] 	at java.lang.reflect.Method.invoke(Method.java:508)
[err] 	at com.ibm.ws.jaxrs20.server.LibertyJaxRsServerFactoryBean.performInvocation(LibertyJaxRsServerFactoryBean.java:646)
[err] 	at [internal classes]
[err] 	at javax.servlet.http.HttpServlet.service(HttpServlet.java:687)
[err] 	at com.ibm.websphere.jaxrs.server.IBMRestServlet.service(IBMRestServlet.java:96)
[err] 	at [internal classes]
[err] 	at java.util.concurrent.ThreadPoolExecutor.runWorker(ThreadPoolExecutor.java:1160)
[err] 	at java.util.concurrent.ThreadPoolExecutor$Worker.run(ThreadPoolExecutor.java:635)
[err] 	at java.lang.Thread.run(Thread.java:811)
Connecting to Redis using URL: null
[err] java.lang.NullPointerException
[err] 	at java.net.URI$Parser.parse(URI.java:3053)
[err] 	at java.net.URI.<init>(URI.java:599)
[err] 	at com.ibm.hybrid.cloud.sample.portfolio.StockQuote.getStockQuote(StockQuote.java:140)
[err] 	at sun.reflect.NativeMethodAccessorImpl.invoke0(Native Method)
[err] 	at sun.reflect.NativeMethodAccessorImpl.invoke(NativeMethodAccessorImpl.java:90)
[err] 	at sun.reflect.DelegatingMethodAccessorImpl.invoke(DelegatingMethodAccessorImpl.java:55)
[err] 	at java.lang.reflect.Method.invoke(Method.java:508)
[err] 	at com.ibm.ws.jaxrs20.server.LibertyJaxRsServerFactoryBean.performInvocation(LibertyJaxRsServerFactoryBean.java:646)
[err] 	at [internal classes]
[err] 	at javax.servlet.http.HttpServlet.service(HttpServlet.java:687)
[err] 	at com.ibm.websphere.jaxrs.server.IBMRestServlet.service(IBMRestServlet.java:96)
[err] 	at [internal classes]
[err] 	at java.util.concurrent.ThreadPoolExecutor.runWorker(ThreadPoolExecutor.java:1160)
[err] 	at java.util.concurrent.ThreadPoolExecutor$Worker.run(ThreadPoolExecutor.java:635)
[err] 	at java.lang.Thread.run(Thread.java:811)
Connecting to Redis using URL: null
[err] java.lang.NullPointerException
[err] 	at java.net.URI$Parser.parse(URI.java:3053)
[err] 	at java.net.URI.<init>(URI.java:599)
[err] 	at com.ibm.hybrid.cloud.sample.portfolio.StockQuote.getStockQuote(StockQuote.java:140)
[err] 	at sun.reflect.NativeMethodAccessorImpl.invoke0(Native Method)
[err] 	at sun.reflect.NativeMethodAccessorImpl.invoke(NativeMethodAccessorImpl.java:90)
[err] 	at sun.reflect.DelegatingMethodAccessorImpl.invoke(DelegatingMethodAccessorImpl.java:55)
[err] 	at java.lang.reflect.Method.invoke(Method.java:508)
[err] 	at com.ibm.ws.jaxrs20.server.LibertyJaxRsServerFactoryBean.performInvocation(LibertyJaxRsServerFactoryBean.java:646)
[err] 	at [internal classes]
[err] 	at javax.servlet.http.HttpServlet.service(HttpServlet.java:687)
[err] 	at com.ibm.websphere.jaxrs.server.IBMRestServlet.service(IBMRestServlet.java:96)
[err] 	at [internal classes]
[err] 	at java.util.concurrent.ThreadPoolExecutor.runWorker(ThreadPoolExecutor.java:1160)
[err] 	at java.util.concurrent.ThreadPoolExecutor$Worker.run(ThreadPoolExecutor.java:635)
[err] 	at java.lang.Thread.run(Thread.java:811)
Connecting to Redis using URL: null
[err] java.lang.NullPointerException
[err] 	at java.net.URI$Parser.parse(URI.java:3053)
[err] 	at java.net.URI.<init>(URI.java:599)
[err] 	at com.ibm.hybrid.cloud.sample.portfolio.StockQuote.getStockQuote(StockQuote.java:140)
[err] 	at sun.reflect.NativeMethodAccessorImpl.invoke0(Native Method)
[err] 	at sun.reflect.NativeMethodAccessorImpl.invoke(NativeMethodAccessorImpl.java:90)
[err] 	at sun.reflect.DelegatingMethodAccessorImpl.invoke(DelegatingMethodAccessorImpl.java:55)
[err] 	at java.lang.reflect.Method.invoke(Method.java:508)
[err] 	at com.ibm.ws.jaxrs20.server.LibertyJaxRsServerFactoryBean.performInvocation(LibertyJaxRsServerFactoryBean.java:646)
[err] 	at [internal classes]
[err] 	at javax.servlet.http.HttpServlet.service(HttpServlet.java:687)
[err] 	at com.ibm.websphere.jaxrs.server.IBMRestServlet.service(IBMRestServlet.java:96)
[err] 	at [internal classes]
[err] 	at java.util.concurrent.ThreadPoolExecutor.runWorker(ThreadPoolExecutor.java:1160)
[err] 	at java.util.concurrent.ThreadPoolExecutor$Worker.run(ThreadPoolExecutor.java:635)
[err] 	at java.lang.Thread.run(Thread.java:811)
Connecting to Redis using URL: null
[err] java.lang.NullPointerException
[err] 	at java.net.URI$Parser.parse(URI.java:3053)
[err] 	at java.net.URI.<init>(URI.java:599)
[err] 	at com.ibm.hybrid.cloud.sample.portfolio.StockQuote.getStockQuote(StockQuote.java:140)
[err] 	at sun.reflect.NativeMethodAccessorImpl.invoke0(Native Method)
[err] 	at sun.reflect.NativeMethodAccessorImpl.invoke(NativeMethodAccessorImpl.java:90)
[err] 	at sun.reflect.DelegatingMethodAccessorImpl.invoke(DelegatingMethodAccessorImpl.java:55)
[err] 	at java.lang.reflect.Method.invoke(Method.java:508)
[err] 	at com.ibm.ws.jaxrs20.server.LibertyJaxRsServerFactoryBean.performInvocation(LibertyJaxRsServerFactoryBean.java:646)
[err] 	at [internal classes]
[err] 	at javax.servlet.http.HttpServlet.service(HttpServlet.java:687)
[err] 	at com.ibm.websphere.jaxrs.server.IBMRestServlet.service(IBMRestServlet.java:96)
[err] 	at [internal classes]
[err] 	at java.util.concurrent.ThreadPoolExecutor.runWorker(ThreadPoolExecutor.java:1160)
[err] 	at java.util.concurrent.ThreadPoolExecutor$Worker.run(ThreadPoolExecutor.java:635)
[err] 	at java.lang.Thread.run(Thread.java:811)
Connecting to Redis using URL: null
[err] java.lang.NullPointerException
[err] 	at java.net.URI$Parser.parse(URI.java:3053)
[err] 	at java.net.URI.<init>(URI.java:599)
[err] 	at com.ibm.hybrid.cloud.sample.portfolio.StockQuote.getStockQuote(StockQuote.java:140)
[err] 	at sun.reflect.NativeMethodAccessorImpl.invoke0(Native Method)
[err] 	at sun.reflect.NativeMethodAccessorImpl.invoke(NativeMethodAccessorImpl.java:90)
[err] 	at sun.reflect.DelegatingMethodAccessorImpl.invoke(DelegatingMethodAccessorImpl.java:55)
[err] 	at java.lang.reflect.Method.invoke(Method.java:508)
[err] 	at com.ibm.ws.jaxrs20.server.LibertyJaxRsServerFactoryBean.performInvocation(LibertyJaxRsServerFactoryBean.java:646)
[err] 	at [internal classes]
[err] 	at javax.servlet.http.HttpServlet.service(HttpServlet.java:687)
[err] 	at com.ibm.websphere.jaxrs.server.IBMRestServlet.service(IBMRestServlet.java:96)
[err] 	at [internal classes]
[err] 	at java.util.concurrent.ThreadPoolExecutor.runWorker(ThreadPoolExecutor.java:1160)
[err] 	at java.util.concurrent.ThreadPoolExecutor$Worker.run(ThreadPoolExecutor.java:635)
[err] 	at java.lang.Thread.run(Thread.java:811)
Connecting to Redis using URL: null
[err] java.lang.NullPointerException
[err] 	at java.net.URI$Parser.parse(URI.java:3053)
[err] 	at java.net.URI.<init>(URI.java:599)
[err] 	at com.ibm.hybrid.cloud.sample.portfolio.StockQuote.getStockQuote(StockQuote.java:140)
[err] 	at sun.reflect.GeneratedMethodAccessor23.invoke(Unknown Source)
[err] 	at sun.reflect.DelegatingMethodAccessorImpl.invoke(DelegatingMethodAccessorImpl.java:55)
[err] 	at java.lang.reflect.Method.invoke(Method.java:508)
[err] 	at com.ibm.ws.jaxrs20.server.LibertyJaxRsServerFactoryBean.performInvocation(LibertyJaxRsServerFactoryBean.java:646)
[err] 	at [internal classes]
[err] 	at javax.servlet.http.HttpServlet.service(HttpServlet.java:687)
[err] 	at com.ibm.websphere.jaxrs.server.IBMRestServlet.service(IBMRestServlet.java:96)
[err] 	at [internal classes]
[err] 	at java.util.concurrent.ThreadPoolExecutor.runWorker(ThreadPoolExecutor.java:1160)
[err] 	at java.util.concurrent.ThreadPoolExecutor$Worker.run(ThreadPoolExecutor.java:635)
[err] 	at java.lang.Thread.run(Thread.java:811)
Connecting to Redis using URL: null
[err] java.lang.NullPointerException
[err] 	at java.net.URI$Parser.parse(URI.java:3053)
[err] 	at java.net.URI.<init>(URI.java:599)
[err] 	at com.ibm.hybrid.cloud.sample.portfolio.StockQuote.getStockQuote(StockQuote.java:140)
[err] 	at sun.reflect.GeneratedMethodAccessor23.invoke(Unknown Source)
[err] 	at sun.reflect.DelegatingMethodAccessorImpl.invoke(DelegatingMethodAccessorImpl.java:55)
[err] 	at java.lang.reflect.Method.invoke(Method.java:508)
[err] 	at com.ibm.ws.jaxrs20.server.LibertyJaxRsServerFactoryBean.performInvocation(LibertyJaxRsServerFactoryBean.java:646)
[err] 	at [internal classes]
[err] 	at javax.servlet.http.HttpServlet.service(HttpServlet.java:687)
[err] 	at com.ibm.websphere.jaxrs.server.IBMRestServlet.service(IBMRestServlet.java:96)
[err] 	at [internal classes]
[err] 	at java.util.concurrent.ThreadPoolExecutor.runWorker(ThreadPoolExecutor.java:1160)
[err] 	at java.util.concurrent.ThreadPoolExecutor$Worker.run(ThreadPoolExecutor.java:635)
[err] 	at java.lang.Thread.run(Thread.java:811)
Connecting to Redis using URL: null
[err] java.lang.NullPointerException
[err] 	at java.net.URI$Parser.parse(URI.java:3053)
[err] 	at java.net.URI.<init>(URI.java:599)
[err] 	at com.ibm.hybrid.cloud.sample.portfolio.StockQuote.getStockQuote(StockQuote.java:140)
[err] 	at sun.reflect.GeneratedMethodAccessor23.invoke(Unknown Source)
[err] 	at sun.reflect.DelegatingMethodAccessorImpl.invoke(DelegatingMethodAccessorImpl.java:55)
[err] 	at java.lang.reflect.Method.invoke(Method.java:508)
[err] 	at com.ibm.ws.jaxrs20.server.LibertyJaxRsServerFactoryBean.performInvocation(LibertyJaxRsServerFactoryBean.java:646)
[err] 	at [internal classes]
[err] 	at javax.servlet.http.HttpServlet.service(HttpServlet.java:687)
[err] 	at com.ibm.websphere.jaxrs.server.IBMRestServlet.service(IBMRestServlet.java:96)
[err] 	at [internal classes]
[err] 	at java.util.concurrent.ThreadPoolExecutor.runWorker(ThreadPoolExecutor.java:1160)
[err] 	at java.util.concurrent.ThreadPoolExecutor$Worker.run(ThreadPoolExecutor.java:635)
[err] 	at java.lang.Thread.run(Thread.java:811)
Connecting to Redis using URL: null
[err] java.lang.NullPointerException
[err] 	at java.net.URI$Parser.parse(URI.java:3053)
[err] 	at java.net.URI.<init>(URI.java:599)
[err] 	at com.ibm.hybrid.cloud.sample.portfolio.StockQuote.getStockQuote(StockQuote.java:140)
[err] 	at sun.reflect.GeneratedMethodAccessor23.invoke(Unknown Source)
[err] 	at sun.reflect.DelegatingMethodAccessorImpl.invoke(DelegatingMethodAccessorImpl.java:55)
[err] 	at java.lang.reflect.Method.invoke(Method.java:508)
[err] 	at com.ibm.ws.jaxrs20.server.LibertyJaxRsServerFactoryBean.performInvocation(LibertyJaxRsServerFactoryBean.java:646)
[err] 	at [internal classes]
[err] 	at javax.servlet.http.HttpServlet.service(HttpServlet.java:687)
[err] 	at com.ibm.websphere.jaxrs.server.IBMRestServlet.service(IBMRestServlet.java:96)
[err] 	at [internal classes]
[err] 	at java.util.concurrent.ThreadPoolExecutor.runWorker(ThreadPoolExecutor.java:1160)
[err] 	at java.util.concurrent.ThreadPoolExecutor$Worker.run(ThreadPoolExecutor.java:635)
[err] 	at java.lang.Thread.run(Thread.java:811)
Connecting to Redis using URL: null
[err] java.lang.NullPointerException
[err] 	at java.net.URI$Parser.parse(URI.java:3053)
[err] 	at java.net.URI.<init>(URI.java:599)
[err] 	at com.ibm.hybrid.cloud.sample.portfolio.StockQuote.getStockQuote(StockQuote.java:140)
[err] 	at sun.reflect.GeneratedMethodAccessor23.invoke(Unknown Source)
[err] 	at sun.reflect.DelegatingMethodAccessorImpl.invoke(DelegatingMethodAccessorImpl.java:55)
[err] 	at java.lang.reflect.Method.invoke(Method.java:508)
[err] 	at com.ibm.ws.jaxrs20.server.LibertyJaxRsServerFactoryBean.performInvocation(LibertyJaxRsServerFactoryBean.java:646)
[err] 	at [internal classes]
[err] 	at javax.servlet.http.HttpServlet.service(HttpServlet.java:687)
[err] 	at com.ibm.websphere.jaxrs.server.IBMRestServlet.service(IBMRestServlet.java:96)
[err] 	at [internal classes]
[err] 	at java.util.concurrent.ThreadPoolExecutor.runWorker(ThreadPoolExecutor.java:1160)
[err] 	at java.util.concurrent.ThreadPoolExecutor$Worker.run(ThreadPoolExecutor.java:635)
[err] 	at java.lang.Thread.run(Thread.java:811)
Connecting to Redis using URL: null
[err] java.lang.NullPointerException
[err] 	at java.net.URI$Parser.parse(URI.java:3053)
[err] 	at java.net.URI.<init>(URI.java:599)
[err] 	at com.ibm.hybrid.cloud.sample.portfolio.StockQuote.getStockQuote(StockQuote.java:140)
[err] 	at sun.reflect.GeneratedMethodAccessor23.invoke(Unknown Source)
[err] 	at sun.reflect.DelegatingMethodAccessorImpl.invoke(DelegatingMethodAccessorImpl.java:55)
[err] 	at java.lang.reflect.Method.invoke(Method.java:508)
[err] 	at com.ibm.ws.jaxrs20.server.LibertyJaxRsServerFactoryBean.performInvocation(LibertyJaxRsServerFactoryBean.java:646)
[err] 	at [internal classes]
[err] 	at javax.servlet.http.HttpServlet.service(HttpServlet.java:687)
[err] 	at com.ibm.websphere.jaxrs.server.IBMRestServlet.service(IBMRestServlet.java:96)
[err] 	at [internal classes]
[err] 	at java.util.concurrent.ThreadPoolExecutor.runWorker(ThreadPoolExecutor.java:1160)
[err] 	at java.util.concurrent.ThreadPoolExecutor$Worker.run(ThreadPoolExecutor.java:635)
[err] 	at java.lang.Thread.run(Thread.java:811)
